[debug] [2021-05-17T07:01:42.059Z] ----------------------------------------------------------------------
[debug] [2021-05-17T07:01:42.061Z] Command:       C:\Program Files\nodejs\node.exe C:\Users\mrtam\AppData\Roaming\npm\node_modules\firebase-tools\lib\bin\firebase.js emulators:start
[debug] [2021-05-17T07:01:42.062Z] CLI Version:   9.10.2
[debug] [2021-05-17T07:01:42.062Z] Platform:      win32
[debug] [2021-05-17T07:01:42.062Z] Node Version:  v14.16.1
[debug] [2021-05-17T07:01:42.063Z] Time:          Mon May 17 2021 10:01:42 GMT+0300 (Arabian Standard Time)
[debug] [2021-05-17T07:01:42.063Z] ----------------------------------------------------------------------
[debug] 
[debug] [2021-05-17T07:01:42.070Z] > command requires scopes: ["email","openid","https://www.googleapis.com/auth/cloudplatformprojects.readonly","https://www.googleapis.com/auth/firebase","https://www.googleapis.com/auth/cloud-platform"]
[debug] [2021-05-17T07:01:42.070Z] > authorizing via signed-in user (mrtamerwagih@gmail.com)
[info] i  emulators: Starting emulators: functions, hosting {"metadata":{"emulator":{"name":"hub"},"message":"Starting emulators: functions, hosting"}}
[warn] !  emulators: It seems that you are running multiple instances of the emulator suite for project clone-69313. This may result in unexpected behavior. 
[debug] [2021-05-17T07:01:42.102Z] [hub] writing locator at C:\Users\mrtam\AppData\Local\Temp\hub-clone-69313.json
[warn] !  functions: The following emulators are not running, calls to these services from the Functions emulator will affect production: auth, firestore, database, pubsub {"metadata":{"emulator":{"name":"functions"},"message":"The following emulators are not running, calls to these services from the Functions emulator will affect production: \u001b[1mauth, firestore, database, pubsub\u001b[22m"}}
[info] +  functions: Using node@14 from host. {"metadata":{"emulator":{"name":"functions"},"message":"Using node@14 from host."}}
[debug] [2021-05-17T07:01:42.136Z] defaultcredentials: writing to file C:\Users\mrtam\AppData\Roaming\firebase\mrtamerwagih_gmail_com_application_default_credentials.json
[debug] [2021-05-17T07:01:42.138Z] Setting GAC to C:\Users\mrtam\AppData\Roaming\firebase\mrtamerwagih_gmail_com_application_default_credentials.json {"metadata":{"emulator":{"name":"functions"},"message":"Setting GAC to C:\\Users\\mrtam\\AppData\\Roaming\\firebase\\mrtamerwagih_gmail_com_application_default_credentials.json"}}
[debug] [2021-05-17T07:01:42.140Z] > refreshing access token with scopes: []
[debug] [2021-05-17T07:01:42.141Z] >>> HTTP REQUEST POST https://www.googleapis.com/oauth2/v3/token  
 <request body omitted>
[debug] [2021-05-17T07:01:42.709Z] <<< HTTP RESPONSE 200 {"expires":"Mon, 01 Jan 1990 00:00:00 GMT","date":"Mon, 17 May 2021 07:01:42 GMT","pragma":"no-cache","cache-control":"no-cache, no-store, max-age=0, must-revalidate","content-type":"application/json; charset=utf-8","vary":"X-Origin, Referer, Origin,Accept-Encoding","server":"scaffolding on HTTPServer2","x-xss-protection":"0","x-frame-options":"SAMEORIGIN","x-content-type-options":"nosniff","alt-svc":"h3-29=\":443\"; ma=2592000,h3-T051=\":443\"; ma=2592000,h3-Q050=\":443\"; ma=2592000,h3-Q046=\":443\"; ma=2592000,h3-Q043=\":443\"; ma=2592000,quic=\":443\"; ma=2592000; v=\"46,43\"","accept-ranges":"none","transfer-encoding":"chunked"}
[debug] [2021-05-17T07:01:42.719Z] >>> [apiv2][query] GET https://firebase.googleapis.com/v1beta1/projects/clone-69313/adminSdkConfig [none]
[debug] [2021-05-17T07:01:43.792Z] <<< [apiv2][status] GET https://firebase.googleapis.com/v1beta1/projects/clone-69313/adminSdkConfig 200
[debug] [2021-05-17T07:01:43.792Z] <<< [apiv2][body] GET https://firebase.googleapis.com/v1beta1/projects/clone-69313/adminSdkConfig {"projectId":"clone-69313","storageBucket":"clone-69313.appspot.com"}
[debug] [2021-05-17T07:01:43.816Z] >>> [apiv2][query] GET https://firebasehosting.googleapis.com/v1beta1/projects/clone-69313/sites 
[debug] [2021-05-17T07:01:45.391Z] <<< [apiv2][status] GET https://firebasehosting.googleapis.com/v1beta1/projects/clone-69313/sites 200
[debug] [2021-05-17T07:01:45.392Z] <<< [apiv2][body] GET https://firebasehosting.googleapis.com/v1beta1/projects/clone-69313/sites {"sites":[{"name":"projects/595022138304/sites/clone-69313","defaultUrl":"https://clone-69313.web.app","appId":"1:595022138304:web:afd3cbffabcfc5194c9625","type":"DEFAULT_SITE"}]}
[debug] [2021-05-17T07:01:45.392Z] >>> [apiv2][query] GET https://firebase.googleapis.com/v1beta1/projects/clone-69313/webApps/1:595022138304:web:afd3cbffabcfc5194c9625/config [none]
[debug] [2021-05-17T07:01:46.914Z] <<< [apiv2][status] GET https://firebase.googleapis.com/v1beta1/projects/clone-69313/webApps/1:595022138304:web:afd3cbffabcfc5194c9625/config 200
[debug] [2021-05-17T07:01:46.915Z] <<< [apiv2][body] GET https://firebase.googleapis.com/v1beta1/projects/clone-69313/webApps/1:595022138304:web:afd3cbffabcfc5194c9625/config {"projectId":"clone-69313","appId":"1:595022138304:web:afd3cbffabcfc5194c9625","storageBucket":"clone-69313.appspot.com","apiKey":"AIzaSyB8HsLFodA3L-0DKoZ6Ohyn7HU9kkUHm4g","authDomain":"clone-69313.firebaseapp.com","messagingSenderId":"595022138304","measurementId":"G-8C9XKXSTJ5"}
[info] i  hosting: Serving hosting files from: build {"metadata":{"emulator":{"name":"hosting"},"message":"Serving hosting files from: \u001b[1mbuild\u001b[22m"}}
[info] +  hosting: Local server: http://localhost:5000 {"metadata":{"emulator":{"name":"hosting"},"message":"Local server: \u001b[4m\u001b[1mhttp://localhost:5000\u001b[22m\u001b[24m"}}
[debug] [2021-05-17T07:01:46.963Z] Ignoring unsupported arg: auto_download {"metadata":{"emulator":{"name":"ui"},"message":"Ignoring unsupported arg: auto_download"}}
[debug] [2021-05-17T07:01:46.964Z] Ignoring unsupported arg: port {"metadata":{"emulator":{"name":"ui"},"message":"Ignoring unsupported arg: port"}}
[debug] [2021-05-17T07:01:46.964Z] Starting Emulator UI with command {"binary":"node","args":["C:\\Users\\mrtam\\.cache\\firebase\\emulators\\ui-v1.4.2\\server.bundle.js"],"optionalArgs":[],"joinArgs":false} {"metadata":{"emulator":{"name":"ui"},"message":"Starting Emulator UI with command {\"binary\":\"node\",\"args\":[\"C:\\\\Users\\\\mrtam\\\\.cache\\\\firebase\\\\emulators\\\\ui-v1.4.2\\\\server.bundle.js\"],\"optionalArgs\":[],\"joinArgs\":false}"}}
[info] i  ui: Emulator UI logging to ui-debug.log {"metadata":{"emulator":{"name":"ui"},"message":"Emulator UI logging to \u001b[1mui-debug.log\u001b[22m"}}
[debug] [2021-05-17T07:01:47.091Z] Web / API server started at http://localhost:4000
 {"metadata":{"emulator":{"name":"ui"},"message":"Web / API server started at http://localhost:4000\n"}}
[info] i  functions: Watching "C:\Users\mrtam\Desktop\amazon-clone\functions" for Cloud Functions... {"metadata":{"emulator":{"name":"functions"},"message":"Watching \"C:\\Users\\mrtam\\Desktop\\amazon-clone\\functions\" for Cloud Functions..."}}
[debug] [2021-05-17T07:01:47.359Z] [worker-pool] addWorker(~diagnostic~) {"metadata":{"emulator":{"name":"functions"},"message":"[worker-pool] addWorker(~diagnostic~)"}}
[debug] [2021-05-17T07:01:47.359Z] [worker-pool] Adding worker with key ~diagnostic~, total=1 {"metadata":{"emulator":{"name":"functions"},"message":"[worker-pool] Adding worker with key ~diagnostic~, total=1"}}
[debug] [2021-05-17T07:01:47.359Z] [worker-pool] submitWork(triggerId=) {"metadata":{"emulator":{"name":"functions"},"message":"[worker-pool] submitWork(triggerId=)"}}
[debug] [2021-05-17T07:01:47.359Z] [worker-~diagnostic~-a1abb7b9-2972-4602-8c0c-677550ee0fcc]: Assigning socketPath: \\?\pipe\C:\Users\mrtam\Desktop\amazon-clone\functions\9480 {"metadata":{"emulator":{"name":"functions"},"message":"[worker-~diagnostic~-a1abb7b9-2972-4602-8c0c-677550ee0fcc]: Assigning socketPath: \\\\?\\pipe\\C:\\Users\\mrtam\\Desktop\\amazon-clone\\functions\\9480"}}
[debug] [2021-05-17T07:01:47.359Z] [worker-~diagnostic~-a1abb7b9-2972-4602-8c0c-677550ee0fcc]: BUSY {"metadata":{"emulator":{"name":"functions"},"message":"[worker-~diagnostic~-a1abb7b9-2972-4602-8c0c-677550ee0fcc]: BUSY"}}
[debug] [2021-05-17T07:01:47.563Z] [runtime-status] [9480] Functions runtime initialized. {"cwd":"C:\\Users\\mrtam\\Desktop\\amazon-clone\\functions","node_version":"14.16.1"} {"metadata":{"emulator":{"name":"functions"},"message":"[runtime-status] [9480] Functions runtime initialized. {\"cwd\":\"C:\\\\Users\\\\mrtam\\\\Desktop\\\\amazon-clone\\\\functions\",\"node_version\":\"14.16.1\"}"}}
[debug] [2021-05-17T07:01:47.563Z] [runtime-status] [9480] Disabled runtime features: undefined {"metadata":{"emulator":{"name":"functions"},"message":"[runtime-status] [9480] Disabled runtime features: undefined"}}
[debug] [2021-05-17T07:01:47.566Z] [runtime-status] [9480] Resolved module firebase-admin {"declared":true,"installed":true,"version":"9.8.0","resolution":"C:\\Users\\mrtam\\Desktop\\amazon-clone\\functions\\node_modules\\firebase-admin\\lib\\index.js"} {"metadata":{"emulator":{"name":"functions"},"message":"[runtime-status] [9480] Resolved module firebase-admin {\"declared\":true,\"installed\":true,\"version\":\"9.8.0\",\"resolution\":\"C:\\\\Users\\\\mrtam\\\\Desktop\\\\amazon-clone\\\\functions\\\\node_modules\\\\firebase-admin\\\\lib\\\\index.js\"}"}}
[debug] [2021-05-17T07:01:47.567Z] [runtime-status] [9480] Resolved module firebase-functions {"declared":true,"installed":true,"version":"3.14.0","resolution":"C:\\Users\\mrtam\\Desktop\\amazon-clone\\functions\\node_modules\\firebase-functions\\lib\\index.js"} {"metadata":{"emulator":{"name":"functions"},"message":"[runtime-status] [9480] Resolved module firebase-functions {\"declared\":true,\"installed\":true,\"version\":\"3.14.0\",\"resolution\":\"C:\\\\Users\\\\mrtam\\\\Desktop\\\\amazon-clone\\\\functions\\\\node_modules\\\\firebase-functions\\\\lib\\\\index.js\"}"}}
[debug] [2021-05-17T07:01:47.568Z] [runtime-status] [9480] Resolved module firebase-functions {"declared":true,"installed":true,"version":"3.14.0","resolution":"C:\\Users\\mrtam\\Desktop\\amazon-clone\\functions\\node_modules\\firebase-functions\\lib\\index.js"} {"metadata":{"emulator":{"name":"functions"},"message":"[runtime-status] [9480] Resolved module firebase-functions {\"declared\":true,\"installed\":true,\"version\":\"3.14.0\",\"resolution\":\"C:\\\\Users\\\\mrtam\\\\Desktop\\\\amazon-clone\\\\functions\\\\node_modules\\\\firebase-functions\\\\lib\\\\index.js\"}"}}
[debug] [2021-05-17T07:01:47.569Z] [runtime-status] [9480] Outgoing network have been stubbed. [{"name":"http","status":"mocked"},{"name":"http","status":"mocked"},{"name":"https","status":"mocked"},{"name":"https","status":"mocked"},{"name":"net","status":"mocked"}] {"metadata":{"emulator":{"name":"functions"},"message":"[runtime-status] [9480] Outgoing network have been stubbed. [{\"name\":\"http\",\"status\":\"mocked\"},{\"name\":\"http\",\"status\":\"mocked\"},{\"name\":\"https\",\"status\":\"mocked\"},{\"name\":\"https\",\"status\":\"mocked\"},{\"name\":\"net\",\"status\":\"mocked\"}]"}}
[debug] [2021-05-17T07:01:47.570Z] [runtime-status] [9480] Resolved module firebase-functions {"declared":true,"installed":true,"version":"3.14.0","resolution":"C:\\Users\\mrtam\\Desktop\\amazon-clone\\functions\\node_modules\\firebase-functions\\lib\\index.js"} {"metadata":{"emulator":{"name":"functions"},"message":"[runtime-status] [9480] Resolved module firebase-functions {\"declared\":true,\"installed\":true,\"version\":\"3.14.0\",\"resolution\":\"C:\\\\Users\\\\mrtam\\\\Desktop\\\\amazon-clone\\\\functions\\\\node_modules\\\\firebase-functions\\\\lib\\\\index.js\"}"}}
[debug] [2021-05-17T07:01:47.615Z] [runtime-status] [9480] Checked functions.config() {"config":{}} {"metadata":{"emulator":{"name":"functions"},"message":"[runtime-status] [9480] Checked functions.config() {\"config\":{}}"}}
[debug] [2021-05-17T07:01:47.616Z] [runtime-status] [9480] firebase-functions has been stubbed. {"functionsResolution":{"declared":true,"installed":true,"version":"3.14.0","resolution":"C:\\Users\\mrtam\\Desktop\\amazon-clone\\functions\\node_modules\\firebase-functions\\lib\\index.js"}} {"metadata":{"emulator":{"name":"functions"},"message":"[runtime-status] [9480] firebase-functions has been stubbed. {\"functionsResolution\":{\"declared\":true,\"installed\":true,\"version\":\"3.14.0\",\"resolution\":\"C:\\\\Users\\\\mrtam\\\\Desktop\\\\amazon-clone\\\\functions\\\\node_modules\\\\firebase-functions\\\\lib\\\\index.js\"}}"}}
[debug] [2021-05-17T07:01:47.616Z] [runtime-status] [9480] Resolved module firebase-functions {"declared":true,"installed":true,"version":"3.14.0","resolution":"C:\\Users\\mrtam\\Desktop\\amazon-clone\\functions\\node_modules\\firebase-functions\\lib\\index.js"} {"metadata":{"emulator":{"name":"functions"},"message":"[runtime-status] [9480] Resolved module firebase-functions {\"declared\":true,\"installed\":true,\"version\":\"3.14.0\",\"resolution\":\"C:\\\\Users\\\\mrtam\\\\Desktop\\\\amazon-clone\\\\functions\\\\node_modules\\\\firebase-functions\\\\lib\\\\index.js\"}"}}
[debug] [2021-05-17T07:01:47.617Z] [runtime-status] [9480] Resolved module firebase-admin {"declared":true,"installed":true,"version":"9.8.0","resolution":"C:\\Users\\mrtam\\Desktop\\amazon-clone\\functions\\node_modules\\firebase-admin\\lib\\index.js"} {"metadata":{"emulator":{"name":"functions"},"message":"[runtime-status] [9480] Resolved module firebase-admin {\"declared\":true,\"installed\":true,\"version\":\"9.8.0\",\"resolution\":\"C:\\\\Users\\\\mrtam\\\\Desktop\\\\amazon-clone\\\\functions\\\\node_modules\\\\firebase-admin\\\\lib\\\\index.js\"}"}}
[debug] [2021-05-17T07:01:47.617Z] [runtime-status] [9480] Resolved module firebase-functions {"declared":true,"installed":true,"version":"3.14.0","resolution":"C:\\Users\\mrtam\\Desktop\\amazon-clone\\functions\\node_modules\\firebase-functions\\lib\\index.js"} {"metadata":{"emulator":{"name":"functions"},"message":"[runtime-status] [9480] Resolved module firebase-functions {\"declared\":true,\"installed\":true,\"version\":\"3.14.0\",\"resolution\":\"C:\\\\Users\\\\mrtam\\\\Desktop\\\\amazon-clone\\\\functions\\\\node_modules\\\\firebase-functions\\\\lib\\\\index.js\"}"}}
[debug] [2021-05-17T07:01:47.618Z] [runtime-status] [9480] firebase-admin has been stubbed. {"adminResolution":{"declared":true,"installed":true,"version":"9.8.0","resolution":"C:\\Users\\mrtam\\Desktop\\amazon-clone\\functions\\node_modules\\firebase-admin\\lib\\index.js"}} {"metadata":{"emulator":{"name":"functions"},"message":"[runtime-status] [9480] firebase-admin has been stubbed. {\"adminResolution\":{\"declared\":true,\"installed\":true,\"version\":\"9.8.0\",\"resolution\":\"C:\\\\Users\\\\mrtam\\\\Desktop\\\\amazon-clone\\\\functions\\\\node_modules\\\\firebase-admin\\\\lib\\\\index.js\"}}"}}
[info] +  functions[api]: http function initialized (http://localhost:5001/clone-69313/us-central1/api). {"metadata":{"emulator":{"name":"functions"},"message":"\u001b[1mhttp\u001b[22m function initialized (http://localhost:5001/clone-69313/us-central1/api)."}}
[info] 
┌─────────────────────────────────────────────────────────────┐
│ ✔  All emulators ready! It is now safe to connect your app. │
│ i  View Emulator UI at http://localhost:4000                │
└─────────────────────────────────────────────────────────────┘

┌───────────┬────────────────┬─────────────────────────────────┐
│ Emulator  │ Host:Port      │ View in Emulator UI             │
├───────────┼────────────────┼─────────────────────────────────┤
│ Functions │ localhost:5001 │ http://localhost:4000/functions │
├───────────┼────────────────┼─────────────────────────────────┤
│ Hosting   │ localhost:5000 │ n/a                             │
└───────────┴────────────────┴─────────────────────────────────┘
  Emulator Hub running at localhost:4400
  Other reserved ports: 4500

Issues? Report them at https://github.com/firebase/firebase-tools/issues and attach the *-debug.log files.
 
[debug] [2021-05-17T07:01:47.780Z] [worker-~diagnostic~-a1abb7b9-2972-4602-8c0c-677550ee0fcc]: IDLE {"metadata":{"emulator":{"name":"functions"},"message":"[worker-~diagnostic~-a1abb7b9-2972-4602-8c0c-677550ee0fcc]: IDLE"}}
[debug] [2021-05-17T07:02:09.822Z] [work-queue] {"queueLength":1,"workRunningCount":0}
[debug] [2021-05-17T07:02:09.822Z] [work-queue] {"queueLength":0,"workRunningCount":1}
[debug] [2021-05-17T07:02:09.822Z] Accepted request POST /clone-69313/us-central1/api/payments/create?total=26292 --> api
[debug] [2021-05-17T07:02:09.837Z] [worker-pool] addWorker(api) {"metadata":{"emulator":{"name":"functions"},"message":"[worker-pool] addWorker(api)"}}
[debug] [2021-05-17T07:02:09.837Z] [worker-pool] Adding worker with key api, total=1 {"metadata":{"emulator":{"name":"functions"},"message":"[worker-pool] Adding worker with key api, total=1"}}
[debug] [2021-05-17T07:02:09.837Z] [worker-pool] submitWork(triggerId=api) {"metadata":{"emulator":{"name":"functions"},"message":"[worker-pool] submitWork(triggerId=api)"}}
[debug] [2021-05-17T07:02:09.837Z] [worker-api-67135ca2-c0dd-44ca-932b-46ae0520f661]: Assigning socketPath: \\?\pipe\C:\Users\mrtam\Desktop\amazon-clone\functions\13700 {"metadata":{"emulator":{"name":"functions"},"message":"[worker-api-67135ca2-c0dd-44ca-932b-46ae0520f661]: Assigning socketPath: \\\\?\\pipe\\C:\\Users\\mrtam\\Desktop\\amazon-clone\\functions\\13700"}}
[debug] [2021-05-17T07:02:09.838Z] [worker-api-67135ca2-c0dd-44ca-932b-46ae0520f661]: BUSY {"metadata":{"emulator":{"name":"functions"},"message":"[worker-api-67135ca2-c0dd-44ca-932b-46ae0520f661]: BUSY"}}
[debug] [2021-05-17T07:02:10.117Z] [runtime-status] [13700] Functions runtime initialized. {"cwd":"C:\\Users\\mrtam\\Desktop\\amazon-clone\\functions","node_version":"14.16.1"} {"metadata":{"emulator":{"name":"functions"},"function":{"name":"api"},"message":"[runtime-status] [13700] Functions runtime initialized. {\"cwd\":\"C:\\\\Users\\\\mrtam\\\\Desktop\\\\amazon-clone\\\\functions\",\"node_version\":\"14.16.1\"}"}}
[debug] [2021-05-17T07:02:10.118Z] [runtime-status] [13700] Disabled runtime features: undefined {"metadata":{"emulator":{"name":"functions"},"function":{"name":"api"},"message":"[runtime-status] [13700] Disabled runtime features: undefined"}}
[debug] [2021-05-17T07:02:10.121Z] [runtime-status] [13700] Resolved module firebase-admin {"declared":true,"installed":true,"version":"9.8.0","resolution":"C:\\Users\\mrtam\\Desktop\\amazon-clone\\functions\\node_modules\\firebase-admin\\lib\\index.js"} {"metadata":{"emulator":{"name":"functions"},"function":{"name":"api"},"message":"[runtime-status] [13700] Resolved module firebase-admin {\"declared\":true,\"installed\":true,\"version\":\"9.8.0\",\"resolution\":\"C:\\\\Users\\\\mrtam\\\\Desktop\\\\amazon-clone\\\\functions\\\\node_modules\\\\firebase-admin\\\\lib\\\\index.js\"}"}}
[debug] [2021-05-17T07:02:10.122Z] [runtime-status] [13700] Resolved module firebase-functions {"declared":true,"installed":true,"version":"3.14.0","resolution":"C:\\Users\\mrtam\\Desktop\\amazon-clone\\functions\\node_modules\\firebase-functions\\lib\\index.js"} {"metadata":{"emulator":{"name":"functions"},"function":{"name":"api"},"message":"[runtime-status] [13700] Resolved module firebase-functions {\"declared\":true,\"installed\":true,\"version\":\"3.14.0\",\"resolution\":\"C:\\\\Users\\\\mrtam\\\\Desktop\\\\amazon-clone\\\\functions\\\\node_modules\\\\firebase-functions\\\\lib\\\\index.js\"}"}}
[debug] [2021-05-17T07:02:10.123Z] [runtime-status] [13700] Resolved module firebase-functions {"declared":true,"installed":true,"version":"3.14.0","resolution":"C:\\Users\\mrtam\\Desktop\\amazon-clone\\functions\\node_modules\\firebase-functions\\lib\\index.js"} {"metadata":{"emulator":{"name":"functions"},"function":{"name":"api"},"message":"[runtime-status] [13700] Resolved module firebase-functions {\"declared\":true,\"installed\":true,\"version\":\"3.14.0\",\"resolution\":\"C:\\\\Users\\\\mrtam\\\\Desktop\\\\amazon-clone\\\\functions\\\\node_modules\\\\firebase-functions\\\\lib\\\\index.js\"}"}}
[debug] [2021-05-17T07:02:10.125Z] [runtime-status] [13700] Outgoing network have been stubbed. [{"name":"http","status":"mocked"},{"name":"http","status":"mocked"},{"name":"https","status":"mocked"},{"name":"https","status":"mocked"},{"name":"net","status":"mocked"}] {"metadata":{"emulator":{"name":"functions"},"function":{"name":"api"},"message":"[runtime-status] [13700] Outgoing network have been stubbed. [{\"name\":\"http\",\"status\":\"mocked\"},{\"name\":\"http\",\"status\":\"mocked\"},{\"name\":\"https\",\"status\":\"mocked\"},{\"name\":\"https\",\"status\":\"mocked\"},{\"name\":\"net\",\"status\":\"mocked\"}]"}}
[debug] [2021-05-17T07:02:10.125Z] [runtime-status] [13700] Resolved module firebase-functions {"declared":true,"installed":true,"version":"3.14.0","resolution":"C:\\Users\\mrtam\\Desktop\\amazon-clone\\functions\\node_modules\\firebase-functions\\lib\\index.js"} {"metadata":{"emulator":{"name":"functions"},"function":{"name":"api"},"message":"[runtime-status] [13700] Resolved module firebase-functions {\"declared\":true,\"installed\":true,\"version\":\"3.14.0\",\"resolution\":\"C:\\\\Users\\\\mrtam\\\\Desktop\\\\amazon-clone\\\\functions\\\\node_modules\\\\firebase-functions\\\\lib\\\\index.js\"}"}}
[debug] [2021-05-17T07:02:10.167Z] [runtime-status] [13700] Checked functions.config() {"config":{}} {"metadata":{"emulator":{"name":"functions"},"function":{"name":"api"},"message":"[runtime-status] [13700] Checked functions.config() {\"config\":{}}"}}
[debug] [2021-05-17T07:02:10.168Z] [runtime-status] [13700] firebase-functions has been stubbed. {"functionsResolution":{"declared":true,"installed":true,"version":"3.14.0","resolution":"C:\\Users\\mrtam\\Desktop\\amazon-clone\\functions\\node_modules\\firebase-functions\\lib\\index.js"}} {"metadata":{"emulator":{"name":"functions"},"function":{"name":"api"},"message":"[runtime-status] [13700] firebase-functions has been stubbed. {\"functionsResolution\":{\"declared\":true,\"installed\":true,\"version\":\"3.14.0\",\"resolution\":\"C:\\\\Users\\\\mrtam\\\\Desktop\\\\amazon-clone\\\\functions\\\\node_modules\\\\firebase-functions\\\\lib\\\\index.js\"}}"}}
[debug] [2021-05-17T07:02:10.168Z] [runtime-status] [13700] Resolved module firebase-functions {"declared":true,"installed":true,"version":"3.14.0","resolution":"C:\\Users\\mrtam\\Desktop\\amazon-clone\\functions\\node_modules\\firebase-functions\\lib\\index.js"} {"metadata":{"emulator":{"name":"functions"},"function":{"name":"api"},"message":"[runtime-status] [13700] Resolved module firebase-functions {\"declared\":true,\"installed\":true,\"version\":\"3.14.0\",\"resolution\":\"C:\\\\Users\\\\mrtam\\\\Desktop\\\\amazon-clone\\\\functions\\\\node_modules\\\\firebase-functions\\\\lib\\\\index.js\"}"}}
[debug] [2021-05-17T07:02:10.169Z] [runtime-status] [13700] Resolved module firebase-admin {"declared":true,"installed":true,"version":"9.8.0","resolution":"C:\\Users\\mrtam\\Desktop\\amazon-clone\\functions\\node_modules\\firebase-admin\\lib\\index.js"} {"metadata":{"emulator":{"name":"functions"},"function":{"name":"api"},"message":"[runtime-status] [13700] Resolved module firebase-admin {\"declared\":true,\"installed\":true,\"version\":\"9.8.0\",\"resolution\":\"C:\\\\Users\\\\mrtam\\\\Desktop\\\\amazon-clone\\\\functions\\\\node_modules\\\\firebase-admin\\\\lib\\\\index.js\"}"}}
[debug] [2021-05-17T07:02:10.169Z] [runtime-status] [13700] Resolved module firebase-functions {"declared":true,"installed":true,"version":"3.14.0","resolution":"C:\\Users\\mrtam\\Desktop\\amazon-clone\\functions\\node_modules\\firebase-functions\\lib\\index.js"} {"metadata":{"emulator":{"name":"functions"},"function":{"name":"api"},"message":"[runtime-status] [13700] Resolved module firebase-functions {\"declared\":true,\"installed\":true,\"version\":\"3.14.0\",\"resolution\":\"C:\\\\Users\\\\mrtam\\\\Desktop\\\\amazon-clone\\\\functions\\\\node_modules\\\\firebase-functions\\\\lib\\\\index.js\"}"}}
[debug] [2021-05-17T07:02:10.169Z] [runtime-status] [13700] firebase-admin has been stubbed. {"adminResolution":{"declared":true,"installed":true,"version":"9.8.0","resolution":"C:\\Users\\mrtam\\Desktop\\amazon-clone\\functions\\node_modules\\firebase-admin\\lib\\index.js"}} {"metadata":{"emulator":{"name":"functions"},"function":{"name":"api"},"message":"[runtime-status] [13700] firebase-admin has been stubbed. {\"adminResolution\":{\"declared\":true,\"installed\":true,\"version\":\"9.8.0\",\"resolution\":\"C:\\\\Users\\\\mrtam\\\\Desktop\\\\amazon-clone\\\\functions\\\\node_modules\\\\firebase-admin\\\\lib\\\\index.js\"}}"}}
[debug] [2021-05-17T07:02:10.340Z] [runtime-status] [13700] Trigger "api" has been found, beginning invocation! {"metadata":{"emulator":{"name":"functions"},"function":{"name":"api"},"message":"[runtime-status] [13700] Trigger \"api\" has been found, beginning invocation!"}}
[info] i  functions: Beginning execution of "api" {"metadata":{"emulator":{"name":"functions"},"function":{"name":"api"},"message":"Beginning execution of \"api\""}}
[debug] [2021-05-17T07:02:10.341Z] [runtime-status] [13700] triggerDefinition {"httpsTrigger":{},"name":"api","entryPoint":"api"} {"metadata":{"emulator":{"name":"functions"},"function":{"name":"api"},"message":"[runtime-status] [13700] triggerDefinition {\"httpsTrigger\":{},\"name\":\"api\",\"entryPoint\":\"api\"}"}}
[debug] [2021-05-17T07:02:10.341Z] [runtime-status] [13700] Running api in mode HTTPS {"metadata":{"emulator":{"name":"functions"},"function":{"name":"api"},"message":"[runtime-status] [13700] Running api in mode HTTPS"}}
[debug] [2021-05-17T07:02:10.345Z] [runtime-status] [13700] Attempting to listen to socketPath: \\?\pipe\C:\Users\mrtam\Desktop\amazon-clone\functions\13700 {"metadata":{"emulator":{"name":"functions"},"function":{"name":"api"},"message":"[runtime-status] [13700] Attempting to listen to socketPath: \\\\?\\pipe\\C:\\Users\\mrtam\\Desktop\\amazon-clone\\functions\\13700"}}
[debug] [2021-05-17T07:02:10.348Z] [functions] Runtime ready! Sending request! {"metadata":{"emulator":{"name":"functions"},"message":"[functions] Runtime ready! Sending request!"}}
[debug] [2021-05-17T07:02:10.348Z] [functions] Got req.url=/clone-69313/us-central1/api/payments/create?total=26292, mapping to path=/payments/create?total=26292 {"metadata":{"emulator":{"name":"functions"},"message":"[functions] Got req.url=/clone-69313/us-central1/api/payments/create?total=26292, mapping to path=/payments/create?total=26292"}}
[debug] [2021-05-17T07:02:10.359Z] [runtime-status] [13700] Ephemeral server handling POST request {"metadata":{"emulator":{"name":"functions"},"function":{"name":"api"},"message":"[runtime-status] [13700] Ephemeral server handling POST request"}}
[info] >  Payment request received for this amount >>>  26292 {"user":"Payment request received for this amount >>>  26292","metadata":{"emulator":{"name":"functions"},"function":{"name":"api"},"message":"\u001b[90m> \u001b[39m Payment request received for this amount >>>  26292"}}
[debug] [2021-05-17T07:02:10.386Z] [runtime-status] [13700] Ephemeral server survived. {"metadata":{"emulator":{"name":"functions"},"function":{"name":"api"},"message":"[runtime-status] [13700] Ephemeral server survived."}}
[info] i  functions: Finished "api" in ~1s {"metadata":{"emulator":{"name":"functions"},"function":{"name":"api"},"message":"Finished \"api\" in ~1s"}}
[debug] [2021-05-17T07:02:11.864Z] [worker-api-67135ca2-c0dd-44ca-932b-46ae0520f661]: IDLE {"metadata":{"emulator":{"name":"functions"},"message":"[worker-api-67135ca2-c0dd-44ca-932b-46ae0520f661]: IDLE"}}
[debug] [2021-05-17T07:02:11.865Z] [work-queue] {"queueLength":0,"workRunningCount":0}
[debug] [2021-05-17T07:05:31.861Z] [work-queue] {"queueLength":1,"workRunningCount":0}
[debug] [2021-05-17T07:05:31.861Z] [work-queue] {"queueLength":0,"workRunningCount":1}
[debug] [2021-05-17T07:05:31.861Z] Accepted request POST /clone-69313/us-central1/api/payments/create?total=205886 --> api
[debug] [2021-05-17T07:05:31.861Z] [worker-pool] submitWork(triggerId=api) {"metadata":{"emulator":{"name":"functions"},"message":"[worker-pool] submitWork(triggerId=api)"}}
[debug] [2021-05-17T07:05:31.861Z] [worker-api-67135ca2-c0dd-44ca-932b-46ae0520f661]: Assigning socketPath: \\?\pipe\C:\Users\mrtam\Desktop\amazon-clone\functions\13700 {"metadata":{"emulator":{"name":"functions"},"message":"[worker-api-67135ca2-c0dd-44ca-932b-46ae0520f661]: Assigning socketPath: \\\\?\\pipe\\C:\\Users\\mrtam\\Desktop\\amazon-clone\\functions\\13700"}}
[debug] [2021-05-17T07:05:31.862Z] [worker-api-67135ca2-c0dd-44ca-932b-46ae0520f661]: BUSY {"metadata":{"emulator":{"name":"functions"},"message":"[worker-api-67135ca2-c0dd-44ca-932b-46ae0520f661]: BUSY"}}
[debug] [2021-05-17T07:05:31.862Z] [runtime-status] [13700] Trigger "api" has been found, beginning invocation! {"metadata":{"emulator":{"name":"functions"},"function":{"name":"api"},"message":"[runtime-status] [13700] Trigger \"api\" has been found, beginning invocation!"}}
[info] i  functions: Beginning execution of "api" {"metadata":{"emulator":{"name":"functions"},"function":{"name":"api"},"message":"Beginning execution of \"api\""}}
[debug] [2021-05-17T07:05:31.864Z] [runtime-status] [13700] triggerDefinition {"httpsTrigger":{},"name":"api","entryPoint":"api"} {"metadata":{"emulator":{"name":"functions"},"function":{"name":"api"},"message":"[runtime-status] [13700] triggerDefinition {\"httpsTrigger\":{},\"name\":\"api\",\"entryPoint\":\"api\"}"}}
[debug] [2021-05-17T07:05:31.865Z] [runtime-status] [13700] Running api in mode HTTPS {"metadata":{"emulator":{"name":"functions"},"function":{"name":"api"},"message":"[runtime-status] [13700] Running api in mode HTTPS"}}
[debug] [2021-05-17T07:05:31.865Z] [runtime-status] [13700] Attempting to listen to socketPath: \\?\pipe\C:\Users\mrtam\Desktop\amazon-clone\functions\13700 {"metadata":{"emulator":{"name":"functions"},"function":{"name":"api"},"message":"[runtime-status] [13700] Attempting to listen to socketPath: \\\\?\\pipe\\C:\\Users\\mrtam\\Desktop\\amazon-clone\\functions\\13700"}}
[debug] [2021-05-17T07:05:31.867Z] [functions] Runtime ready! Sending request! {"metadata":{"emulator":{"name":"functions"},"message":"[functions] Runtime ready! Sending request!"}}
[debug] [2021-05-17T07:05:31.867Z] [functions] Got req.url=/clone-69313/us-central1/api/payments/create?total=205886, mapping to path=/payments/create?total=205886 {"metadata":{"emulator":{"name":"functions"},"message":"[functions] Got req.url=/clone-69313/us-central1/api/payments/create?total=205886, mapping to path=/payments/create?total=205886"}}
[debug] [2021-05-17T07:05:31.871Z] [runtime-status] [13700] Ephemeral server handling POST request {"metadata":{"emulator":{"name":"functions"},"function":{"name":"api"},"message":"[runtime-status] [13700] Ephemeral server handling POST request"}}
[info] >  Payment request received for this amount >>>  205886 {"user":"Payment request received for this amount >>>  205886","metadata":{"emulator":{"name":"functions"},"function":{"name":"api"},"message":"\u001b[90m> \u001b[39m Payment request received for this amount >>>  205886"}}
[debug] [2021-05-17T07:05:31.874Z] [runtime-status] [13700] Ephemeral server survived. {"metadata":{"emulator":{"name":"functions"},"function":{"name":"api"},"message":"[runtime-status] [13700] Ephemeral server survived."}}
[info] i  functions: Finished "api" in ~1s {"metadata":{"emulator":{"name":"functions"},"function":{"name":"api"},"message":"Finished \"api\" in ~1s"}}
[debug] [2021-05-17T07:05:33.219Z] [worker-api-67135ca2-c0dd-44ca-932b-46ae0520f661]: IDLE {"metadata":{"emulator":{"name":"functions"},"message":"[worker-api-67135ca2-c0dd-44ca-932b-46ae0520f661]: IDLE"}}
[debug] [2021-05-17T07:05:33.220Z] [work-queue] {"queueLength":0,"workRunningCount":0}
[debug] [2021-05-17T07:14:41.481Z] File C:\Users\mrtam\Desktop\amazon-clone\functions\index.js changed, reloading triggers {"metadata":{"emulator":{"name":"functions"},"message":"File C:\\Users\\mrtam\\Desktop\\amazon-clone\\functions\\index.js changed, reloading triggers"}}
[debug] [2021-05-17T07:14:42.495Z] [worker-pool] Shutting down IDLE worker (~diagnostic~) {"metadata":{"emulator":{"name":"functions"},"message":"[worker-pool] Shutting down IDLE worker (~diagnostic~)"}}
[debug] [2021-05-17T07:14:42.495Z] [worker-~diagnostic~-a1abb7b9-2972-4602-8c0c-677550ee0fcc]: FINISHING {"metadata":{"emulator":{"name":"functions"},"message":"[worker-~diagnostic~-a1abb7b9-2972-4602-8c0c-677550ee0fcc]: FINISHING"}}
[debug] [2021-05-17T07:14:42.495Z] [worker-pool] Shutting down IDLE worker (api) {"metadata":{"emulator":{"name":"functions"},"message":"[worker-pool] Shutting down IDLE worker (api)"}}
[debug] [2021-05-17T07:14:42.496Z] [worker-api-67135ca2-c0dd-44ca-932b-46ae0520f661]: FINISHING {"metadata":{"emulator":{"name":"functions"},"message":"[worker-api-67135ca2-c0dd-44ca-932b-46ae0520f661]: FINISHING"}}
[debug] [2021-05-17T07:14:42.512Z] [worker-pool] addWorker(~diagnostic~) {"metadata":{"emulator":{"name":"functions"},"message":"[worker-pool] addWorker(~diagnostic~)"}}
[debug] [2021-05-17T07:14:42.512Z] [worker-pool] Adding worker with key ~diagnostic~, total=2 {"metadata":{"emulator":{"name":"functions"},"message":"[worker-pool] Adding worker with key ~diagnostic~, total=2"}}
[debug] [2021-05-17T07:14:42.512Z] [worker-pool] submitWork(triggerId=) {"metadata":{"emulator":{"name":"functions"},"message":"[worker-pool] submitWork(triggerId=)"}}
[debug] [2021-05-17T07:14:42.513Z] [worker-~diagnostic~-6248fd36-ee23-4cef-8fb3-ee77e9454c67]: Assigning socketPath: \\?\pipe\C:\Users\mrtam\Desktop\amazon-clone\functions\11388 {"metadata":{"emulator":{"name":"functions"},"message":"[worker-~diagnostic~-6248fd36-ee23-4cef-8fb3-ee77e9454c67]: Assigning socketPath: \\\\?\\pipe\\C:\\Users\\mrtam\\Desktop\\amazon-clone\\functions\\11388"}}
[debug] [2021-05-17T07:14:42.513Z] [worker-~diagnostic~-6248fd36-ee23-4cef-8fb3-ee77e9454c67]: BUSY {"metadata":{"emulator":{"name":"functions"},"message":"[worker-~diagnostic~-6248fd36-ee23-4cef-8fb3-ee77e9454c67]: BUSY"}}
[debug] [2021-05-17T07:14:42.514Z] [worker-~diagnostic~-a1abb7b9-2972-4602-8c0c-677550ee0fcc]: exited {"metadata":{"emulator":{"name":"functions"},"message":"[worker-~diagnostic~-a1abb7b9-2972-4602-8c0c-677550ee0fcc]: exited"}}
[debug] [2021-05-17T07:14:42.514Z] [worker-~diagnostic~-a1abb7b9-2972-4602-8c0c-677550ee0fcc]: FINISHED {"metadata":{"emulator":{"name":"functions"},"message":"[worker-~diagnostic~-a1abb7b9-2972-4602-8c0c-677550ee0fcc]: FINISHED"}}
[debug] [2021-05-17T07:14:42.514Z] [worker-api-67135ca2-c0dd-44ca-932b-46ae0520f661]: exited {"metadata":{"emulator":{"name":"functions"},"message":"[worker-api-67135ca2-c0dd-44ca-932b-46ae0520f661]: exited"}}
[debug] [2021-05-17T07:14:42.514Z] [worker-api-67135ca2-c0dd-44ca-932b-46ae0520f661]: FINISHED {"metadata":{"emulator":{"name":"functions"},"message":"[worker-api-67135ca2-c0dd-44ca-932b-46ae0520f661]: FINISHED"}}
[debug] [2021-05-17T07:14:42.708Z] [runtime-status] [11388] Functions runtime initialized. {"cwd":"C:\\Users\\mrtam\\Desktop\\amazon-clone\\functions","node_version":"14.16.1"} {"metadata":{"emulator":{"name":"functions"},"message":"[runtime-status] [11388] Functions runtime initialized. {\"cwd\":\"C:\\\\Users\\\\mrtam\\\\Desktop\\\\amazon-clone\\\\functions\",\"node_version\":\"14.16.1\"}"}}
[debug] [2021-05-17T07:14:42.709Z] [runtime-status] [11388] Disabled runtime features: undefined {"metadata":{"emulator":{"name":"functions"},"message":"[runtime-status] [11388] Disabled runtime features: undefined"}}
[debug] [2021-05-17T07:14:42.711Z] [runtime-status] [11388] Resolved module firebase-admin {"declared":true,"installed":true,"version":"9.8.0","resolution":"C:\\Users\\mrtam\\Desktop\\amazon-clone\\functions\\node_modules\\firebase-admin\\lib\\index.js"} {"metadata":{"emulator":{"name":"functions"},"message":"[runtime-status] [11388] Resolved module firebase-admin {\"declared\":true,\"installed\":true,\"version\":\"9.8.0\",\"resolution\":\"C:\\\\Users\\\\mrtam\\\\Desktop\\\\amazon-clone\\\\functions\\\\node_modules\\\\firebase-admin\\\\lib\\\\index.js\"}"}}
[debug] [2021-05-17T07:14:42.713Z] [runtime-status] [11388] Resolved module firebase-functions {"declared":true,"installed":true,"version":"3.14.0","resolution":"C:\\Users\\mrtam\\Desktop\\amazon-clone\\functions\\node_modules\\firebase-functions\\lib\\index.js"} {"metadata":{"emulator":{"name":"functions"},"message":"[runtime-status] [11388] Resolved module firebase-functions {\"declared\":true,\"installed\":true,\"version\":\"3.14.0\",\"resolution\":\"C:\\\\Users\\\\mrtam\\\\Desktop\\\\amazon-clone\\\\functions\\\\node_modules\\\\firebase-functions\\\\lib\\\\index.js\"}"}}
[debug] [2021-05-17T07:14:42.714Z] [runtime-status] [11388] Resolved module firebase-functions {"declared":true,"installed":true,"version":"3.14.0","resolution":"C:\\Users\\mrtam\\Desktop\\amazon-clone\\functions\\node_modules\\firebase-functions\\lib\\index.js"} {"metadata":{"emulator":{"name":"functions"},"message":"[runtime-status] [11388] Resolved module firebase-functions {\"declared\":true,\"installed\":true,\"version\":\"3.14.0\",\"resolution\":\"C:\\\\Users\\\\mrtam\\\\Desktop\\\\amazon-clone\\\\functions\\\\node_modules\\\\firebase-functions\\\\lib\\\\index.js\"}"}}
[debug] [2021-05-17T07:14:42.715Z] [runtime-status] [11388] Outgoing network have been stubbed. [{"name":"http","status":"mocked"},{"name":"http","status":"mocked"},{"name":"https","status":"mocked"},{"name":"https","status":"mocked"},{"name":"net","status":"mocked"}] {"metadata":{"emulator":{"name":"functions"},"message":"[runtime-status] [11388] Outgoing network have been stubbed. [{\"name\":\"http\",\"status\":\"mocked\"},{\"name\":\"http\",\"status\":\"mocked\"},{\"name\":\"https\",\"status\":\"mocked\"},{\"name\":\"https\",\"status\":\"mocked\"},{\"name\":\"net\",\"status\":\"mocked\"}]"}}
[debug] [2021-05-17T07:14:42.716Z] [runtime-status] [11388] Resolved module firebase-functions {"declared":true,"installed":true,"version":"3.14.0","resolution":"C:\\Users\\mrtam\\Desktop\\amazon-clone\\functions\\node_modules\\firebase-functions\\lib\\index.js"} {"metadata":{"emulator":{"name":"functions"},"message":"[runtime-status] [11388] Resolved module firebase-functions {\"declared\":true,\"installed\":true,\"version\":\"3.14.0\",\"resolution\":\"C:\\\\Users\\\\mrtam\\\\Desktop\\\\amazon-clone\\\\functions\\\\node_modules\\\\firebase-functions\\\\lib\\\\index.js\"}"}}
[debug] [2021-05-17T07:14:42.756Z] [runtime-status] [11388] Checked functions.config() {"config":{}} {"metadata":{"emulator":{"name":"functions"},"message":"[runtime-status] [11388] Checked functions.config() {\"config\":{}}"}}
[debug] [2021-05-17T07:14:42.756Z] [runtime-status] [11388] firebase-functions has been stubbed. {"functionsResolution":{"declared":true,"installed":true,"version":"3.14.0","resolution":"C:\\Users\\mrtam\\Desktop\\amazon-clone\\functions\\node_modules\\firebase-functions\\lib\\index.js"}} {"metadata":{"emulator":{"name":"functions"},"message":"[runtime-status] [11388] firebase-functions has been stubbed. {\"functionsResolution\":{\"declared\":true,\"installed\":true,\"version\":\"3.14.0\",\"resolution\":\"C:\\\\Users\\\\mrtam\\\\Desktop\\\\amazon-clone\\\\functions\\\\node_modules\\\\firebase-functions\\\\lib\\\\index.js\"}}"}}
[debug] [2021-05-17T07:14:42.757Z] [runtime-status] [11388] Resolved module firebase-functions {"declared":true,"installed":true,"version":"3.14.0","resolution":"C:\\Users\\mrtam\\Desktop\\amazon-clone\\functions\\node_modules\\firebase-functions\\lib\\index.js"} {"metadata":{"emulator":{"name":"functions"},"message":"[runtime-status] [11388] Resolved module firebase-functions {\"declared\":true,\"installed\":true,\"version\":\"3.14.0\",\"resolution\":\"C:\\\\Users\\\\mrtam\\\\Desktop\\\\amazon-clone\\\\functions\\\\node_modules\\\\firebase-functions\\\\lib\\\\index.js\"}"}}
[debug] [2021-05-17T07:14:42.758Z] [runtime-status] [11388] Resolved module firebase-admin {"declared":true,"installed":true,"version":"9.8.0","resolution":"C:\\Users\\mrtam\\Desktop\\amazon-clone\\functions\\node_modules\\firebase-admin\\lib\\index.js"} {"metadata":{"emulator":{"name":"functions"},"message":"[runtime-status] [11388] Resolved module firebase-admin {\"declared\":true,\"installed\":true,\"version\":\"9.8.0\",\"resolution\":\"C:\\\\Users\\\\mrtam\\\\Desktop\\\\amazon-clone\\\\functions\\\\node_modules\\\\firebase-admin\\\\lib\\\\index.js\"}"}}
[debug] [2021-05-17T07:14:42.758Z] [runtime-status] [11388] Resolved module firebase-functions {"declared":true,"installed":true,"version":"3.14.0","resolution":"C:\\Users\\mrtam\\Desktop\\amazon-clone\\functions\\node_modules\\firebase-functions\\lib\\index.js"} {"metadata":{"emulator":{"name":"functions"},"message":"[runtime-status] [11388] Resolved module firebase-functions {\"declared\":true,\"installed\":true,\"version\":\"3.14.0\",\"resolution\":\"C:\\\\Users\\\\mrtam\\\\Desktop\\\\amazon-clone\\\\functions\\\\node_modules\\\\firebase-functions\\\\lib\\\\index.js\"}"}}
[debug] [2021-05-17T07:14:42.758Z] [runtime-status] [11388] firebase-admin has been stubbed. {"adminResolution":{"declared":true,"installed":true,"version":"9.8.0","resolution":"C:\\Users\\mrtam\\Desktop\\amazon-clone\\functions\\node_modules\\firebase-admin\\lib\\index.js"}} {"metadata":{"emulator":{"name":"functions"},"message":"[runtime-status] [11388] firebase-admin has been stubbed. {\"adminResolution\":{\"declared\":true,\"installed\":true,\"version\":\"9.8.0\",\"resolution\":\"C:\\\\Users\\\\mrtam\\\\Desktop\\\\amazon-clone\\\\functions\\\\node_modules\\\\firebase-admin\\\\lib\\\\index.js\"}}"}}
[debug] [2021-05-17T07:14:42.901Z] [worker-~diagnostic~-6248fd36-ee23-4cef-8fb3-ee77e9454c67]: IDLE {"metadata":{"emulator":{"name":"functions"},"message":"[worker-~diagnostic~-6248fd36-ee23-4cef-8fb3-ee77e9454c67]: IDLE"}}
[debug] [2021-05-17T07:15:09.276Z] [work-queue] {"queueLength":1,"workRunningCount":0}
[debug] [2021-05-17T07:15:09.277Z] [work-queue] {"queueLength":0,"workRunningCount":1}
[debug] [2021-05-17T07:15:09.277Z] Accepted request POST /clone-69313/us-central1/api/payments/create?total=0 --> api
[debug] [2021-05-17T07:15:09.277Z] [worker-pool] Cleaned up workers for ~diagnostic~: 2 --> 1 {"metadata":{"emulator":{"name":"functions"},"message":"[worker-pool] Cleaned up workers for ~diagnostic~: 2 --> 1"}}
[debug] [2021-05-17T07:15:09.277Z] [worker-pool] Cleaned up workers for api: 1 --> 0 {"metadata":{"emulator":{"name":"functions"},"message":"[worker-pool] Cleaned up workers for api: 1 --> 0"}}
[debug] [2021-05-17T07:15:09.286Z] [worker-pool] addWorker(api) {"metadata":{"emulator":{"name":"functions"},"message":"[worker-pool] addWorker(api)"}}
[debug] [2021-05-17T07:15:09.286Z] [worker-pool] Adding worker with key api, total=1 {"metadata":{"emulator":{"name":"functions"},"message":"[worker-pool] Adding worker with key api, total=1"}}
[debug] [2021-05-17T07:15:09.286Z] [worker-pool] submitWork(triggerId=api) {"metadata":{"emulator":{"name":"functions"},"message":"[worker-pool] submitWork(triggerId=api)"}}
[debug] [2021-05-17T07:15:09.287Z] [worker-api-7ff75cda-f03d-4f8b-bcde-7ab8f0c1a2a7]: Assigning socketPath: \\?\pipe\C:\Users\mrtam\Desktop\amazon-clone\functions\4616 {"metadata":{"emulator":{"name":"functions"},"message":"[worker-api-7ff75cda-f03d-4f8b-bcde-7ab8f0c1a2a7]: Assigning socketPath: \\\\?\\pipe\\C:\\Users\\mrtam\\Desktop\\amazon-clone\\functions\\4616"}}
[debug] [2021-05-17T07:15:09.287Z] [worker-api-7ff75cda-f03d-4f8b-bcde-7ab8f0c1a2a7]: BUSY {"metadata":{"emulator":{"name":"functions"},"message":"[worker-api-7ff75cda-f03d-4f8b-bcde-7ab8f0c1a2a7]: BUSY"}}
[debug] [2021-05-17T07:15:09.511Z] [runtime-status] [4616] Functions runtime initialized. {"cwd":"C:\\Users\\mrtam\\Desktop\\amazon-clone\\functions","node_version":"14.16.1"} {"metadata":{"emulator":{"name":"functions"},"function":{"name":"api"},"message":"[runtime-status] [4616] Functions runtime initialized. {\"cwd\":\"C:\\\\Users\\\\mrtam\\\\Desktop\\\\amazon-clone\\\\functions\",\"node_version\":\"14.16.1\"}"}}
[debug] [2021-05-17T07:15:09.512Z] [runtime-status] [4616] Disabled runtime features: undefined {"metadata":{"emulator":{"name":"functions"},"function":{"name":"api"},"message":"[runtime-status] [4616] Disabled runtime features: undefined"}}
[debug] [2021-05-17T07:15:09.515Z] [runtime-status] [4616] Resolved module firebase-admin {"declared":true,"installed":true,"version":"9.8.0","resolution":"C:\\Users\\mrtam\\Desktop\\amazon-clone\\functions\\node_modules\\firebase-admin\\lib\\index.js"} {"metadata":{"emulator":{"name":"functions"},"function":{"name":"api"},"message":"[runtime-status] [4616] Resolved module firebase-admin {\"declared\":true,\"installed\":true,\"version\":\"9.8.0\",\"resolution\":\"C:\\\\Users\\\\mrtam\\\\Desktop\\\\amazon-clone\\\\functions\\\\node_modules\\\\firebase-admin\\\\lib\\\\index.js\"}"}}
[debug] [2021-05-17T07:15:09.516Z] [runtime-status] [4616] Resolved module firebase-functions {"declared":true,"installed":true,"version":"3.14.0","resolution":"C:\\Users\\mrtam\\Desktop\\amazon-clone\\functions\\node_modules\\firebase-functions\\lib\\index.js"} {"metadata":{"emulator":{"name":"functions"},"function":{"name":"api"},"message":"[runtime-status] [4616] Resolved module firebase-functions {\"declared\":true,\"installed\":true,\"version\":\"3.14.0\",\"resolution\":\"C:\\\\Users\\\\mrtam\\\\Desktop\\\\amazon-clone\\\\functions\\\\node_modules\\\\firebase-functions\\\\lib\\\\index.js\"}"}}
[debug] [2021-05-17T07:15:09.518Z] [runtime-status] [4616] Resolved module firebase-functions {"declared":true,"installed":true,"version":"3.14.0","resolution":"C:\\Users\\mrtam\\Desktop\\amazon-clone\\functions\\node_modules\\firebase-functions\\lib\\index.js"} {"metadata":{"emulator":{"name":"functions"},"function":{"name":"api"},"message":"[runtime-status] [4616] Resolved module firebase-functions {\"declared\":true,\"installed\":true,\"version\":\"3.14.0\",\"resolution\":\"C:\\\\Users\\\\mrtam\\\\Desktop\\\\amazon-clone\\\\functions\\\\node_modules\\\\firebase-functions\\\\lib\\\\index.js\"}"}}
[debug] [2021-05-17T07:15:09.519Z] [runtime-status] [4616] Outgoing network have been stubbed. [{"name":"http","status":"mocked"},{"name":"http","status":"mocked"},{"name":"https","status":"mocked"},{"name":"https","status":"mocked"},{"name":"net","status":"mocked"}] {"metadata":{"emulator":{"name":"functions"},"function":{"name":"api"},"message":"[runtime-status] [4616] Outgoing network have been stubbed. [{\"name\":\"http\",\"status\":\"mocked\"},{\"name\":\"http\",\"status\":\"mocked\"},{\"name\":\"https\",\"status\":\"mocked\"},{\"name\":\"https\",\"status\":\"mocked\"},{\"name\":\"net\",\"status\":\"mocked\"}]"}}
[debug] [2021-05-17T07:15:09.520Z] [runtime-status] [4616] Resolved module firebase-functions {"declared":true,"installed":true,"version":"3.14.0","resolution":"C:\\Users\\mrtam\\Desktop\\amazon-clone\\functions\\node_modules\\firebase-functions\\lib\\index.js"} {"metadata":{"emulator":{"name":"functions"},"function":{"name":"api"},"message":"[runtime-status] [4616] Resolved module firebase-functions {\"declared\":true,\"installed\":true,\"version\":\"3.14.0\",\"resolution\":\"C:\\\\Users\\\\mrtam\\\\Desktop\\\\amazon-clone\\\\functions\\\\node_modules\\\\firebase-functions\\\\lib\\\\index.js\"}"}}
[debug] [2021-05-17T07:15:09.585Z] [runtime-status] [4616] Checked functions.config() {"config":{}} {"metadata":{"emulator":{"name":"functions"},"function":{"name":"api"},"message":"[runtime-status] [4616] Checked functions.config() {\"config\":{}}"}}
[debug] [2021-05-17T07:15:09.586Z] [runtime-status] [4616] firebase-functions has been stubbed. {"functionsResolution":{"declared":true,"installed":true,"version":"3.14.0","resolution":"C:\\Users\\mrtam\\Desktop\\amazon-clone\\functions\\node_modules\\firebase-functions\\lib\\index.js"}} {"metadata":{"emulator":{"name":"functions"},"function":{"name":"api"},"message":"[runtime-status] [4616] firebase-functions has been stubbed. {\"functionsResolution\":{\"declared\":true,\"installed\":true,\"version\":\"3.14.0\",\"resolution\":\"C:\\\\Users\\\\mrtam\\\\Desktop\\\\amazon-clone\\\\functions\\\\node_modules\\\\firebase-functions\\\\lib\\\\index.js\"}}"}}
[debug] [2021-05-17T07:15:09.586Z] [runtime-status] [4616] Resolved module firebase-functions {"declared":true,"installed":true,"version":"3.14.0","resolution":"C:\\Users\\mrtam\\Desktop\\amazon-clone\\functions\\node_modules\\firebase-functions\\lib\\index.js"} {"metadata":{"emulator":{"name":"functions"},"function":{"name":"api"},"message":"[runtime-status] [4616] Resolved module firebase-functions {\"declared\":true,\"installed\":true,\"version\":\"3.14.0\",\"resolution\":\"C:\\\\Users\\\\mrtam\\\\Desktop\\\\amazon-clone\\\\functions\\\\node_modules\\\\firebase-functions\\\\lib\\\\index.js\"}"}}
[debug] [2021-05-17T07:15:09.587Z] [runtime-status] [4616] Resolved module firebase-admin {"declared":true,"installed":true,"version":"9.8.0","resolution":"C:\\Users\\mrtam\\Desktop\\amazon-clone\\functions\\node_modules\\firebase-admin\\lib\\index.js"} {"metadata":{"emulator":{"name":"functions"},"function":{"name":"api"},"message":"[runtime-status] [4616] Resolved module firebase-admin {\"declared\":true,\"installed\":true,\"version\":\"9.8.0\",\"resolution\":\"C:\\\\Users\\\\mrtam\\\\Desktop\\\\amazon-clone\\\\functions\\\\node_modules\\\\firebase-admin\\\\lib\\\\index.js\"}"}}
[debug] [2021-05-17T07:15:09.588Z] [runtime-status] [4616] Resolved module firebase-functions {"declared":true,"installed":true,"version":"3.14.0","resolution":"C:\\Users\\mrtam\\Desktop\\amazon-clone\\functions\\node_modules\\firebase-functions\\lib\\index.js"} {"metadata":{"emulator":{"name":"functions"},"function":{"name":"api"},"message":"[runtime-status] [4616] Resolved module firebase-functions {\"declared\":true,\"installed\":true,\"version\":\"3.14.0\",\"resolution\":\"C:\\\\Users\\\\mrtam\\\\Desktop\\\\amazon-clone\\\\functions\\\\node_modules\\\\firebase-functions\\\\lib\\\\index.js\"}"}}
[debug] [2021-05-17T07:15:09.588Z] [runtime-status] [4616] firebase-admin has been stubbed. {"adminResolution":{"declared":true,"installed":true,"version":"9.8.0","resolution":"C:\\Users\\mrtam\\Desktop\\amazon-clone\\functions\\node_modules\\firebase-admin\\lib\\index.js"}} {"metadata":{"emulator":{"name":"functions"},"function":{"name":"api"},"message":"[runtime-status] [4616] firebase-admin has been stubbed. {\"adminResolution\":{\"declared\":true,\"installed\":true,\"version\":\"9.8.0\",\"resolution\":\"C:\\\\Users\\\\mrtam\\\\Desktop\\\\amazon-clone\\\\functions\\\\node_modules\\\\firebase-admin\\\\lib\\\\index.js\"}}"}}
[debug] [2021-05-17T07:15:09.770Z] [runtime-status] [4616] Trigger "api" has been found, beginning invocation! {"metadata":{"emulator":{"name":"functions"},"function":{"name":"api"},"message":"[runtime-status] [4616] Trigger \"api\" has been found, beginning invocation!"}}
[info] i  functions: Beginning execution of "api" {"metadata":{"emulator":{"name":"functions"},"function":{"name":"api"},"message":"Beginning execution of \"api\""}}
[debug] [2021-05-17T07:15:09.772Z] [runtime-status] [4616] triggerDefinition {"httpsTrigger":{},"name":"api","entryPoint":"api"} {"metadata":{"emulator":{"name":"functions"},"function":{"name":"api"},"message":"[runtime-status] [4616] triggerDefinition {\"httpsTrigger\":{},\"name\":\"api\",\"entryPoint\":\"api\"}"}}
[debug] [2021-05-17T07:15:09.772Z] [runtime-status] [4616] Running api in mode HTTPS {"metadata":{"emulator":{"name":"functions"},"function":{"name":"api"},"message":"[runtime-status] [4616] Running api in mode HTTPS"}}
[debug] [2021-05-17T07:15:09.776Z] [runtime-status] [4616] Attempting to listen to socketPath: \\?\pipe\C:\Users\mrtam\Desktop\amazon-clone\functions\4616 {"metadata":{"emulator":{"name":"functions"},"function":{"name":"api"},"message":"[runtime-status] [4616] Attempting to listen to socketPath: \\\\?\\pipe\\C:\\Users\\mrtam\\Desktop\\amazon-clone\\functions\\4616"}}
[debug] [2021-05-17T07:15:09.780Z] [functions] Runtime ready! Sending request! {"metadata":{"emulator":{"name":"functions"},"message":"[functions] Runtime ready! Sending request!"}}
[debug] [2021-05-17T07:15:09.780Z] [functions] Got req.url=/clone-69313/us-central1/api/payments/create?total=0, mapping to path=/payments/create?total=0 {"metadata":{"emulator":{"name":"functions"},"message":"[functions] Got req.url=/clone-69313/us-central1/api/payments/create?total=0, mapping to path=/payments/create?total=0"}}
[debug] [2021-05-17T07:15:09.788Z] [runtime-status] [4616] Ephemeral server handling POST request {"metadata":{"emulator":{"name":"functions"},"function":{"name":"api"},"message":"[runtime-status] [4616] Ephemeral server handling POST request"}}
[info] >  Payment request received for this amount >>>  0 {"user":"Payment request received for this amount >>>  0","metadata":{"emulator":{"name":"functions"},"function":{"name":"api"},"message":"\u001b[90m> \u001b[39m Payment request received for this amount >>>  0"}}
[debug] [2021-05-17T07:15:09.818Z] [runtime-status] [4616] Ephemeral server survived. {"metadata":{"emulator":{"name":"functions"},"function":{"name":"api"},"message":"[runtime-status] [4616] Ephemeral server survived."}}
[info] >  (node:4616) UnhandledPromiseRejectionWarning: Error: This value must be greater than or equal to 1. {"user":"(node:4616) UnhandledPromiseRejectionWarning: Error: This value must be greater than or equal to 1.","metadata":{"emulator":{"name":"functions"},"function":{"name":"api"},"message":"\u001b[90m> \u001b[39m (node:4616) UnhandledPromiseRejectionWarning: Error: This value must be greater than or equal to 1."}}
[info] >      at Function.generate (C:\Users\mrtam\Desktop\amazon-clone\functions\node_modules\stripe\lib\Error.js:40:16) {"user":"    at Function.generate (C:\\Users\\mrtam\\Desktop\\amazon-clone\\functions\\node_modules\\stripe\\lib\\Error.js:40:16)","metadata":{"emulator":{"name":"functions"},"function":{"name":"api"},"message":"\u001b[90m> \u001b[39m     at Function.generate (C:\\Users\\mrtam\\Desktop\\amazon-clone\\functions\\node_modules\\stripe\\lib\\Error.js:40:16)"}}
[info] >      at IncomingMessage.<anonymous> (C:\Users\mrtam\Desktop\amazon-clone\functions\node_modules\stripe\lib\StripeResource.js:180:33) {"user":"    at IncomingMessage.<anonymous> (C:\\Users\\mrtam\\Desktop\\amazon-clone\\functions\\node_modules\\stripe\\lib\\StripeResource.js:180:33)","metadata":{"emulator":{"name":"functions"},"function":{"name":"api"},"message":"\u001b[90m> \u001b[39m     at IncomingMessage.<anonymous> (C:\\Users\\mrtam\\Desktop\\amazon-clone\\functions\\node_modules\\stripe\\lib\\StripeResource.js:180:33)"}}
[info] >      at Object.onceWrapper (events.js:421:28) {"user":"    at Object.onceWrapper (events.js:421:28)","metadata":{"emulator":{"name":"functions"},"function":{"name":"api"},"message":"\u001b[90m> \u001b[39m     at Object.onceWrapper (events.js:421:28)"}}
[info] >      at IncomingMessage.emit (events.js:327:22) {"user":"    at IncomingMessage.emit (events.js:327:22)","metadata":{"emulator":{"name":"functions"},"function":{"name":"api"},"message":"\u001b[90m> \u001b[39m     at IncomingMessage.emit (events.js:327:22)"}}
[info] >      at endReadableNT (internal/streams/readable.js:1327:12) {"user":"    at endReadableNT (internal/streams/readable.js:1327:12)","metadata":{"emulator":{"name":"functions"},"function":{"name":"api"},"message":"\u001b[90m> \u001b[39m     at endReadableNT (internal/streams/readable.js:1327:12)"}}
[info] >      at processTicksAndRejections (internal/process/task_queues.js:80:21) {"user":"    at processTicksAndRejections (internal/process/task_queues.js:80:21)","metadata":{"emulator":{"name":"functions"},"function":{"name":"api"},"message":"\u001b[90m> \u001b[39m     at processTicksAndRejections (internal/process/task_queues.js:80:21)"}}
[info] >  (Use `node --trace-warnings ...` to show where the warning was created) {"user":"(Use `node --trace-warnings ...` to show where the warning was created)","metadata":{"emulator":{"name":"functions"},"function":{"name":"api"},"message":"\u001b[90m> \u001b[39m (Use `node --trace-warnings ...` to show where the warning was created)"}}
[info] >  (node:4616) UnhandledPromiseRejectionWarning: Unhandled promise rejection. This error originated either by throwing inside of an async function without a catch block, or by rejecting a promise which was not handled with .catch(). To terminate the node process on unhandled promise rejection, use the CLI flag `--unhandled-rejections=strict` (see https://nodejs.org/api/cli.html#cli_unhandled_rejections_mode). (rejection id: 1) {"user":"(node:4616) UnhandledPromiseRejectionWarning: Unhandled promise rejection. This error originated either by throwing inside of an async function without a catch block, or by rejecting a promise which was not handled with .catch(). To terminate the node process on unhandled promise rejection, use the CLI flag `--unhandled-rejections=strict` (see https://nodejs.org/api/cli.html#cli_unhandled_rejections_mode). (rejection id: 1)","metadata":{"emulator":{"name":"functions"},"function":{"name":"api"},"message":"\u001b[90m> \u001b[39m (node:4616) UnhandledPromiseRejectionWarning: Unhandled promise rejection. This error originated either by throwing inside of an async function without a catch block, or by rejecting a promise which was not handled with .catch(). To terminate the node process on unhandled promise rejection, use the CLI flag `--unhandled-rejections=strict` (see https://nodejs.org/api/cli.html#cli_unhandled_rejections_mode). (rejection id: 1)"}}
[info] >  (node:4616) [DEP0018] DeprecationWarning: Unhandled promise rejections are deprecated. In the future, promise rejections that are not handled will terminate the Node.js process with a non-zero exit code. {"user":"(node:4616) [DEP0018] DeprecationWarning: Unhandled promise rejections are deprecated. In the future, promise rejections that are not handled will terminate the Node.js process with a non-zero exit code.","metadata":{"emulator":{"name":"functions"},"function":{"name":"api"},"message":"\u001b[90m> \u001b[39m (node:4616) [DEP0018] DeprecationWarning: Unhandled promise rejections are deprecated. In the future, promise rejections that are not handled will terminate the Node.js process with a non-zero exit code."}}
[debug] [2021-05-17T07:15:24.703Z] [work-queue] {"queueLength":1,"workRunningCount":1}
[debug] [2021-05-17T07:15:24.703Z] [work-queue] {"queueLength":0,"workRunningCount":2}
[debug] [2021-05-17T07:15:24.703Z] Accepted request POST /clone-69313/us-central1/api/payments/create?total=50192 --> api
[debug] [2021-05-17T07:15:24.732Z] [worker-pool] addWorker(api) {"metadata":{"emulator":{"name":"functions"},"message":"[worker-pool] addWorker(api)"}}
[debug] [2021-05-17T07:15:24.732Z] [worker-pool] Adding worker with key api, total=2 {"metadata":{"emulator":{"name":"functions"},"message":"[worker-pool] Adding worker with key api, total=2"}}
[debug] [2021-05-17T07:15:24.732Z] [worker-pool] submitWork(triggerId=api) {"metadata":{"emulator":{"name":"functions"},"message":"[worker-pool] submitWork(triggerId=api)"}}
[debug] [2021-05-17T07:15:24.732Z] [worker-api-0bdcf254-2efe-4773-bad1-ee99e8f74980]: Assigning socketPath: \\?\pipe\C:\Users\mrtam\Desktop\amazon-clone\functions\18040 {"metadata":{"emulator":{"name":"functions"},"message":"[worker-api-0bdcf254-2efe-4773-bad1-ee99e8f74980]: Assigning socketPath: \\\\?\\pipe\\C:\\Users\\mrtam\\Desktop\\amazon-clone\\functions\\18040"}}
[debug] [2021-05-17T07:15:24.732Z] [worker-api-0bdcf254-2efe-4773-bad1-ee99e8f74980]: BUSY {"metadata":{"emulator":{"name":"functions"},"message":"[worker-api-0bdcf254-2efe-4773-bad1-ee99e8f74980]: BUSY"}}
[debug] [2021-05-17T07:15:24.970Z] [runtime-status] [18040] Functions runtime initialized. {"cwd":"C:\\Users\\mrtam\\Desktop\\amazon-clone\\functions","node_version":"14.16.1"} {"metadata":{"emulator":{"name":"functions"},"function":{"name":"api"},"message":"[runtime-status] [18040] Functions runtime initialized. {\"cwd\":\"C:\\\\Users\\\\mrtam\\\\Desktop\\\\amazon-clone\\\\functions\",\"node_version\":\"14.16.1\"}"}}
[debug] [2021-05-17T07:15:24.971Z] [runtime-status] [18040] Disabled runtime features: undefined {"metadata":{"emulator":{"name":"functions"},"function":{"name":"api"},"message":"[runtime-status] [18040] Disabled runtime features: undefined"}}
[debug] [2021-05-17T07:15:24.974Z] [runtime-status] [18040] Resolved module firebase-admin {"declared":true,"installed":true,"version":"9.8.0","resolution":"C:\\Users\\mrtam\\Desktop\\amazon-clone\\functions\\node_modules\\firebase-admin\\lib\\index.js"} {"metadata":{"emulator":{"name":"functions"},"function":{"name":"api"},"message":"[runtime-status] [18040] Resolved module firebase-admin {\"declared\":true,\"installed\":true,\"version\":\"9.8.0\",\"resolution\":\"C:\\\\Users\\\\mrtam\\\\Desktop\\\\amazon-clone\\\\functions\\\\node_modules\\\\firebase-admin\\\\lib\\\\index.js\"}"}}
[debug] [2021-05-17T07:15:24.975Z] [runtime-status] [18040] Resolved module firebase-functions {"declared":true,"installed":true,"version":"3.14.0","resolution":"C:\\Users\\mrtam\\Desktop\\amazon-clone\\functions\\node_modules\\firebase-functions\\lib\\index.js"} {"metadata":{"emulator":{"name":"functions"},"function":{"name":"api"},"message":"[runtime-status] [18040] Resolved module firebase-functions {\"declared\":true,\"installed\":true,\"version\":\"3.14.0\",\"resolution\":\"C:\\\\Users\\\\mrtam\\\\Desktop\\\\amazon-clone\\\\functions\\\\node_modules\\\\firebase-functions\\\\lib\\\\index.js\"}"}}
[debug] [2021-05-17T07:15:24.976Z] [runtime-status] [18040] Resolved module firebase-functions {"declared":true,"installed":true,"version":"3.14.0","resolution":"C:\\Users\\mrtam\\Desktop\\amazon-clone\\functions\\node_modules\\firebase-functions\\lib\\index.js"} {"metadata":{"emulator":{"name":"functions"},"function":{"name":"api"},"message":"[runtime-status] [18040] Resolved module firebase-functions {\"declared\":true,\"installed\":true,\"version\":\"3.14.0\",\"resolution\":\"C:\\\\Users\\\\mrtam\\\\Desktop\\\\amazon-clone\\\\functions\\\\node_modules\\\\firebase-functions\\\\lib\\\\index.js\"}"}}
[debug] [2021-05-17T07:15:24.978Z] [runtime-status] [18040] Outgoing network have been stubbed. [{"name":"http","status":"mocked"},{"name":"http","status":"mocked"},{"name":"https","status":"mocked"},{"name":"https","status":"mocked"},{"name":"net","status":"mocked"}] {"metadata":{"emulator":{"name":"functions"},"function":{"name":"api"},"message":"[runtime-status] [18040] Outgoing network have been stubbed. [{\"name\":\"http\",\"status\":\"mocked\"},{\"name\":\"http\",\"status\":\"mocked\"},{\"name\":\"https\",\"status\":\"mocked\"},{\"name\":\"https\",\"status\":\"mocked\"},{\"name\":\"net\",\"status\":\"mocked\"}]"}}
[debug] [2021-05-17T07:15:24.978Z] [runtime-status] [18040] Resolved module firebase-functions {"declared":true,"installed":true,"version":"3.14.0","resolution":"C:\\Users\\mrtam\\Desktop\\amazon-clone\\functions\\node_modules\\firebase-functions\\lib\\index.js"} {"metadata":{"emulator":{"name":"functions"},"function":{"name":"api"},"message":"[runtime-status] [18040] Resolved module firebase-functions {\"declared\":true,\"installed\":true,\"version\":\"3.14.0\",\"resolution\":\"C:\\\\Users\\\\mrtam\\\\Desktop\\\\amazon-clone\\\\functions\\\\node_modules\\\\firebase-functions\\\\lib\\\\index.js\"}"}}
[debug] [2021-05-17T07:15:25.020Z] [runtime-status] [18040] Checked functions.config() {"config":{}} {"metadata":{"emulator":{"name":"functions"},"function":{"name":"api"},"message":"[runtime-status] [18040] Checked functions.config() {\"config\":{}}"}}
[debug] [2021-05-17T07:15:25.021Z] [runtime-status] [18040] firebase-functions has been stubbed. {"functionsResolution":{"declared":true,"installed":true,"version":"3.14.0","resolution":"C:\\Users\\mrtam\\Desktop\\amazon-clone\\functions\\node_modules\\firebase-functions\\lib\\index.js"}} {"metadata":{"emulator":{"name":"functions"},"function":{"name":"api"},"message":"[runtime-status] [18040] firebase-functions has been stubbed. {\"functionsResolution\":{\"declared\":true,\"installed\":true,\"version\":\"3.14.0\",\"resolution\":\"C:\\\\Users\\\\mrtam\\\\Desktop\\\\amazon-clone\\\\functions\\\\node_modules\\\\firebase-functions\\\\lib\\\\index.js\"}}"}}
[debug] [2021-05-17T07:15:25.021Z] [runtime-status] [18040] Resolved module firebase-functions {"declared":true,"installed":true,"version":"3.14.0","resolution":"C:\\Users\\mrtam\\Desktop\\amazon-clone\\functions\\node_modules\\firebase-functions\\lib\\index.js"} {"metadata":{"emulator":{"name":"functions"},"function":{"name":"api"},"message":"[runtime-status] [18040] Resolved module firebase-functions {\"declared\":true,\"installed\":true,\"version\":\"3.14.0\",\"resolution\":\"C:\\\\Users\\\\mrtam\\\\Desktop\\\\amazon-clone\\\\functions\\\\node_modules\\\\firebase-functions\\\\lib\\\\index.js\"}"}}
[debug] [2021-05-17T07:15:25.022Z] [runtime-status] [18040] Resolved module firebase-admin {"declared":true,"installed":true,"version":"9.8.0","resolution":"C:\\Users\\mrtam\\Desktop\\amazon-clone\\functions\\node_modules\\firebase-admin\\lib\\index.js"} {"metadata":{"emulator":{"name":"functions"},"function":{"name":"api"},"message":"[runtime-status] [18040] Resolved module firebase-admin {\"declared\":true,\"installed\":true,\"version\":\"9.8.0\",\"resolution\":\"C:\\\\Users\\\\mrtam\\\\Desktop\\\\amazon-clone\\\\functions\\\\node_modules\\\\firebase-admin\\\\lib\\\\index.js\"}"}}
[debug] [2021-05-17T07:15:25.023Z] [runtime-status] [18040] Resolved module firebase-functions {"declared":true,"installed":true,"version":"3.14.0","resolution":"C:\\Users\\mrtam\\Desktop\\amazon-clone\\functions\\node_modules\\firebase-functions\\lib\\index.js"} {"metadata":{"emulator":{"name":"functions"},"function":{"name":"api"},"message":"[runtime-status] [18040] Resolved module firebase-functions {\"declared\":true,\"installed\":true,\"version\":\"3.14.0\",\"resolution\":\"C:\\\\Users\\\\mrtam\\\\Desktop\\\\amazon-clone\\\\functions\\\\node_modules\\\\firebase-functions\\\\lib\\\\index.js\"}"}}
[debug] [2021-05-17T07:15:25.023Z] [runtime-status] [18040] firebase-admin has been stubbed. {"adminResolution":{"declared":true,"installed":true,"version":"9.8.0","resolution":"C:\\Users\\mrtam\\Desktop\\amazon-clone\\functions\\node_modules\\firebase-admin\\lib\\index.js"}} {"metadata":{"emulator":{"name":"functions"},"function":{"name":"api"},"message":"[runtime-status] [18040] firebase-admin has been stubbed. {\"adminResolution\":{\"declared\":true,\"installed\":true,\"version\":\"9.8.0\",\"resolution\":\"C:\\\\Users\\\\mrtam\\\\Desktop\\\\amazon-clone\\\\functions\\\\node_modules\\\\firebase-admin\\\\lib\\\\index.js\"}}"}}
[debug] [2021-05-17T07:15:25.174Z] [runtime-status] [18040] Trigger "api" has been found, beginning invocation! {"metadata":{"emulator":{"name":"functions"},"function":{"name":"api"},"message":"[runtime-status] [18040] Trigger \"api\" has been found, beginning invocation!"}}
[info] i  functions: Beginning execution of "api" {"metadata":{"emulator":{"name":"functions"},"function":{"name":"api"},"message":"Beginning execution of \"api\""}}
[debug] [2021-05-17T07:15:25.176Z] [runtime-status] [18040] triggerDefinition {"httpsTrigger":{},"name":"api","entryPoint":"api"} {"metadata":{"emulator":{"name":"functions"},"function":{"name":"api"},"message":"[runtime-status] [18040] triggerDefinition {\"httpsTrigger\":{},\"name\":\"api\",\"entryPoint\":\"api\"}"}}
[debug] [2021-05-17T07:15:25.176Z] [runtime-status] [18040] Running api in mode HTTPS {"metadata":{"emulator":{"name":"functions"},"function":{"name":"api"},"message":"[runtime-status] [18040] Running api in mode HTTPS"}}
[debug] [2021-05-17T07:15:25.179Z] [runtime-status] [18040] Attempting to listen to socketPath: \\?\pipe\C:\Users\mrtam\Desktop\amazon-clone\functions\18040 {"metadata":{"emulator":{"name":"functions"},"function":{"name":"api"},"message":"[runtime-status] [18040] Attempting to listen to socketPath: \\\\?\\pipe\\C:\\Users\\mrtam\\Desktop\\amazon-clone\\functions\\18040"}}
[debug] [2021-05-17T07:15:25.181Z] [functions] Runtime ready! Sending request! {"metadata":{"emulator":{"name":"functions"},"message":"[functions] Runtime ready! Sending request!"}}
[debug] [2021-05-17T07:15:25.181Z] [functions] Got req.url=/clone-69313/us-central1/api/payments/create?total=50192, mapping to path=/payments/create?total=50192 {"metadata":{"emulator":{"name":"functions"},"message":"[functions] Got req.url=/clone-69313/us-central1/api/payments/create?total=50192, mapping to path=/payments/create?total=50192"}}
[debug] [2021-05-17T07:15:25.187Z] [runtime-status] [18040] Ephemeral server handling POST request {"metadata":{"emulator":{"name":"functions"},"function":{"name":"api"},"message":"[runtime-status] [18040] Ephemeral server handling POST request"}}
[info] >  Payment request received for this amount >>>  50192 {"user":"Payment request received for this amount >>>  50192","metadata":{"emulator":{"name":"functions"},"function":{"name":"api"},"message":"\u001b[90m> \u001b[39m Payment request received for this amount >>>  50192"}}
[debug] [2021-05-17T07:15:25.208Z] [runtime-status] [18040] Ephemeral server survived. {"metadata":{"emulator":{"name":"functions"},"function":{"name":"api"},"message":"[runtime-status] [18040] Ephemeral server survived."}}
[info] i  functions: Finished "api" in ~1s {"metadata":{"emulator":{"name":"functions"},"function":{"name":"api"},"message":"Finished \"api\" in ~1s"}}
[debug] [2021-05-17T07:15:26.687Z] [worker-api-0bdcf254-2efe-4773-bad1-ee99e8f74980]: IDLE {"metadata":{"emulator":{"name":"functions"},"message":"[worker-api-0bdcf254-2efe-4773-bad1-ee99e8f74980]: IDLE"}}
[debug] [2021-05-17T07:15:26.688Z] [work-queue] {"queueLength":0,"workRunningCount":1}
[warn] !  functions: Your function timed out after ~60s. To configure this timeout, see
      https://firebase.google.com/docs/functions/manage-functions#set_timeout_and_memory_allocation. {"metadata":{"emulator":{"name":"functions"},"function":{"name":"api"},"message":"Your function timed out after ~60s. To configure this timeout, see\n      https://firebase.google.com/docs/functions/manage-functions#set_timeout_and_memory_allocation."}}
[info] >  C:\Users\mrtam\AppData\Roaming\npm\node_modules\firebase-tools\lib\emulator\functionsEmulatorRuntime.js:648 {"user":"C:\\Users\\mrtam\\AppData\\Roaming\\npm\\node_modules\\firebase-tools\\lib\\emulator\\functionsEmulatorRuntime.js:648\r","metadata":{"emulator":{"name":"functions"},"function":{"name":"api"},"message":"\u001b[90m> \u001b[39m C:\\Users\\mrtam\\AppData\\Roaming\\npm\\node_modules\\firebase-tools\\lib\\emulator\\functionsEmulatorRuntime.js:648\r"}}
[info] >              throw new Error("Function timed out."); {"user":"            throw new Error(\"Function timed out.\");\r","metadata":{"emulator":{"name":"functions"},"function":{"name":"api"},"message":"\u001b[90m> \u001b[39m             throw new Error(\"Function timed out.\");\r"}}
[info] >              ^ {"user":"            ^\r","metadata":{"emulator":{"name":"functions"},"function":{"name":"api"},"message":"\u001b[90m> \u001b[39m             ^\r"}}
[info] >   {"user":"\r","metadata":{"emulator":{"name":"functions"},"function":{"name":"api"},"message":"\u001b[90m> \u001b[39m \r"}}
[info] >  Error: Function timed out. {"user":"Error: Function timed out.\r","metadata":{"emulator":{"name":"functions"},"function":{"name":"api"},"message":"\u001b[90m> \u001b[39m Error: Function timed out.\r"}}
[info] >      at Timeout._onTimeout (C:\Users\mrtam\AppData\Roaming\npm\node_modules\firebase-tools\lib\emulator\functionsEmulatorRuntime.js:648:19) {"user":"    at Timeout._onTimeout (C:\\Users\\mrtam\\AppData\\Roaming\\npm\\node_modules\\firebase-tools\\lib\\emulator\\functionsEmulatorRuntime.js:648:19)\r","metadata":{"emulator":{"name":"functions"},"function":{"name":"api"},"message":"\u001b[90m> \u001b[39m     at Timeout._onTimeout (C:\\Users\\mrtam\\AppData\\Roaming\\npm\\node_modules\\firebase-tools\\lib\\emulator\\functionsEmulatorRuntime.js:648:19)\r"}}
[info] >      at listOnTimeout (internal/timers.js:554:17) {"user":"    at listOnTimeout (internal/timers.js:554:17)\r","metadata":{"emulator":{"name":"functions"},"function":{"name":"api"},"message":"\u001b[90m> \u001b[39m     at listOnTimeout (internal/timers.js:554:17)\r"}}
[info] >      at processTimers (internal/timers.js:497:7) {"user":"    at processTimers (internal/timers.js:497:7)\r","metadata":{"emulator":{"name":"functions"},"function":{"name":"api"},"message":"\u001b[90m> \u001b[39m     at processTimers (internal/timers.js:497:7)\r"}}
[debug] [2021-05-17T07:16:09.798Z] [worker-api-7ff75cda-f03d-4f8b-bcde-7ab8f0c1a2a7]: exited {"metadata":{"emulator":{"name":"functions"},"message":"[worker-api-7ff75cda-f03d-4f8b-bcde-7ab8f0c1a2a7]: exited"}}
[debug] [2021-05-17T07:16:09.798Z] [worker-api-7ff75cda-f03d-4f8b-bcde-7ab8f0c1a2a7]: FINISHED {"metadata":{"emulator":{"name":"functions"},"message":"[worker-api-7ff75cda-f03d-4f8b-bcde-7ab8f0c1a2a7]: FINISHED"}}
[debug] [2021-05-17T07:16:09.798Z] [work-queue] {"queueLength":0,"workRunningCount":0}
